<?xml version="1.0" encoding="UTF-8"?><testsuites failures="2" name="dependency-check" tests="46"><testsuite failures="0" errors="0" time="0" id="0" name="/Users/rahibkanjiyani/.m2/repository/org/eclipse/angus/angus-activation/2.0.1.redhat-00001/angus-activation-2.0.1.redhat-00001.jar" package="angus-activation-2.0.1.redhat-00001.jar" skipped="0" tests="1" timestamp="2025-06-02T13:40:16.295937"><testcase classname="dependency-check" name="angus-activation-2.0.1.redhat-00001.jar"/></testsuite><testsuite failures="0" errors="0" time="0" id="1" name="/Users/rahibkanjiyani/.m2/repository/org/jboss/arquillian/config/arquillian-config-api/1.7.0.Final/arquillian-config-api-1.7.0.Final.jar" package="arquillian-config-api-1.7.0.Final.jar" skipped="0" tests="1" timestamp="2025-06-02T13:40:16.295937"><testcase classname="dependency-check" name="arquillian-config-api-1.7.0.Final.jar"/></testsuite><testsuite failures="0" errors="0" time="0" id="2" name="/Users/rahibkanjiyani/.m2/repository/org/jboss/arquillian/config/arquillian-config-impl-base/1.7.0.Final/arquillian-config-impl-base-1.7.0.Final.jar" package="arquillian-config-impl-base-1.7.0.Final.jar" skipped="0" tests="1" timestamp="2025-06-02T13:40:16.295937"><testcase classname="dependency-check" name="arquillian-config-impl-base-1.7.0.Final.jar"/></testsuite><testsuite failures="0" errors="0" time="0" id="3" name="/Users/rahibkanjiyani/.m2/repository/org/jboss/arquillian/config/arquillian-config-spi/1.7.0.Final/arquillian-config-spi-1.7.0.Final.jar" package="arquillian-config-spi-1.7.0.Final.jar" skipped="0" tests="1" timestamp="2025-06-02T13:40:16.295937"><testcase classname="dependency-check" name="arquillian-config-spi-1.7.0.Final.jar"/></testsuite><testsuite failures="0" errors="0" time="0" id="4" name="/Users/rahibkanjiyani/.m2/repository/org/jboss/arquillian/container/arquillian-container-impl-base/1.7.0.Final/arquillian-container-impl-base-1.7.0.Final.jar" package="arquillian-container-impl-base-1.7.0.Final.jar" skipped="0" tests="1" timestamp="2025-06-02T13:40:16.295937"><testcase classname="dependency-check" name="arquillian-container-impl-base-1.7.0.Final.jar"/></testsuite><testsuite failures="0" errors="0" time="0" id="5" name="/Users/rahibkanjiyani/.m2/repository/org/jboss/arquillian/container/arquillian-container-spi/1.7.0.Final/arquillian-container-spi-1.7.0.Final.jar" package="arquillian-container-spi-1.7.0.Final.jar" skipped="0" tests="1" timestamp="2025-06-02T13:40:16.295937"><testcase classname="dependency-check" name="arquillian-container-spi-1.7.0.Final.jar"/></testsuite><testsuite failures="0" errors="0" time="0" id="6" name="/Users/rahibkanjiyani/.m2/repository/org/jboss/arquillian/container/arquillian-container-test-api/1.7.0.Final/arquillian-container-test-api-1.7.0.Final.jar" package="arquillian-container-test-api-1.7.0.Final.jar" skipped="0" tests="1" timestamp="2025-06-02T13:40:16.295937"><testcase classname="dependency-check" name="arquillian-container-test-api-1.7.0.Final.jar"/></testsuite><testsuite failures="0" errors="0" time="0" id="7" name="/Users/rahibkanjiyani/.m2/repository/org/jboss/arquillian/container/arquillian-container-test-impl-base/1.7.0.Final/arquillian-container-test-impl-base-1.7.0.Final.jar" package="arquillian-container-test-impl-base-1.7.0.Final.jar" skipped="0" tests="1" timestamp="2025-06-02T13:40:16.295937"><testcase classname="dependency-check" name="arquillian-container-test-impl-base-1.7.0.Final.jar"/></testsuite><testsuite failures="0" errors="0" time="0" id="8" name="/Users/rahibkanjiyani/.m2/repository/org/jboss/arquillian/container/arquillian-container-test-spi/1.7.0.Final/arquillian-container-test-spi-1.7.0.Final.jar" package="arquillian-container-test-spi-1.7.0.Final.jar" skipped="0" tests="1" timestamp="2025-06-02T13:40:16.295937"><testcase classname="dependency-check" name="arquillian-container-test-spi-1.7.0.Final.jar"/></testsuite><testsuite failures="0" errors="0" time="0" id="9" name="/Users/rahibkanjiyani/.m2/repository/org/jboss/arquillian/core/arquillian-core-api/1.7.0.Final/arquillian-core-api-1.7.0.Final.jar" package="arquillian-core-api-1.7.0.Final.jar" skipped="0" tests="1" timestamp="2025-06-02T13:40:16.295937"><testcase classname="dependency-check" name="arquillian-core-api-1.7.0.Final.jar"/></testsuite><testsuite failures="0" errors="0" time="0" id="10" name="/Users/rahibkanjiyani/.m2/repository/org/jboss/arquillian/core/arquillian-core-impl-base/1.7.0.Final/arquillian-core-impl-base-1.7.0.Final.jar" package="arquillian-core-impl-base-1.7.0.Final.jar" skipped="0" tests="1" timestamp="2025-06-02T13:40:16.295937"><testcase classname="dependency-check" name="arquillian-core-impl-base-1.7.0.Final.jar"/></testsuite><testsuite failures="0" errors="0" time="0" id="11" name="/Users/rahibkanjiyani/.m2/repository/org/jboss/arquillian/core/arquillian-core-spi/1.7.0.Final/arquillian-core-spi-1.7.0.Final.jar" package="arquillian-core-spi-1.7.0.Final.jar" skipped="0" tests="1" timestamp="2025-06-02T13:40:16.295937"><testcase classname="dependency-check" name="arquillian-core-spi-1.7.0.Final.jar"/></testsuite><testsuite failures="0" errors="0" time="0" id="12" name="/Users/rahibkanjiyani/.m2/repository/org/jboss/arquillian/junit/arquillian-junit-container/1.7.0.Final/arquillian-junit-container-1.7.0.Final.jar" package="arquillian-junit-container-1.7.0.Final.jar" skipped="0" tests="1" timestamp="2025-06-02T13:40:16.295937"><testcase classname="dependency-check" name="arquillian-junit-container-1.7.0.Final.jar"/></testsuite><testsuite failures="0" errors="0" time="0" id="13" name="/Users/rahibkanjiyani/.m2/repository/org/jboss/arquillian/junit/arquillian-junit-core/1.7.0.Final/arquillian-junit-core-1.7.0.Final.jar" package="arquillian-junit-core-1.7.0.Final.jar" skipped="0" tests="1" timestamp="2025-06-02T13:40:16.295937"><testcase classname="dependency-check" name="arquillian-junit-core-1.7.0.Final.jar"/></testsuite><testsuite failures="0" errors="0" time="0" id="14" name="/Users/rahibkanjiyani/.m2/repository/org/jboss/arquillian/protocol/arquillian-protocol-servlet-jakarta/1.7.0.Final/arquillian-protocol-servlet-jakarta-1.7.0.Final.jar" package="arquillian-protocol-servlet-jakarta-1.7.0.Final.jar" skipped="0" tests="1" timestamp="2025-06-02T13:40:16.295937"><testcase classname="dependency-check" name="arquillian-protocol-servlet-jakarta-1.7.0.Final.jar"/></testsuite><testsuite failures="0" errors="0" time="0" id="15" name="/Users/rahibkanjiyani/.m2/repository/org/jboss/arquillian/test/arquillian-test-api/1.7.0.Final/arquillian-test-api-1.7.0.Final.jar" package="arquillian-test-api-1.7.0.Final.jar" skipped="0" tests="1" timestamp="2025-06-02T13:40:16.295937"><testcase classname="dependency-check" name="arquillian-test-api-1.7.0.Final.jar"/></testsuite><testsuite failures="0" errors="0" time="0" id="16" name="/Users/rahibkanjiyani/.m2/repository/org/jboss/arquillian/test/arquillian-test-impl-base/1.7.0.Final/arquillian-test-impl-base-1.7.0.Final.jar" package="arquillian-test-impl-base-1.7.0.Final.jar" skipped="0" tests="1" timestamp="2025-06-02T13:40:16.295937"><testcase classname="dependency-check" name="arquillian-test-impl-base-1.7.0.Final.jar"/></testsuite><testsuite failures="0" errors="0" time="0" id="17" name="/Users/rahibkanjiyani/.m2/repository/org/jboss/arquillian/test/arquillian-test-spi/1.7.0.Final/arquillian-test-spi-1.7.0.Final.jar" package="arquillian-test-spi-1.7.0.Final.jar" skipped="0" tests="1" timestamp="2025-06-02T13:40:16.295937"><testcase classname="dependency-check" name="arquillian-test-spi-1.7.0.Final.jar"/></testsuite><testsuite failures="0" errors="0" time="0" id="18" name="/Users/rahibkanjiyani/.m2/repository/com/fasterxml/classmate/1.5.1.redhat-00001/classmate-1.5.1.redhat-00001.jar" package="classmate-1.5.1.redhat-00001.jar" skipped="0" tests="1" timestamp="2025-06-02T13:40:16.295937"><testcase classname="dependency-check" name="classmate-1.5.1.redhat-00001.jar"/></testsuite><testsuite failures="0" errors="0" time="0" id="19" name="/Users/rahibkanjiyani/.m2/repository/org/hamcrest/hamcrest-core/1.3/hamcrest-core-1.3.jar" package="hamcrest-core-1.3.jar" skipped="0" tests="1" timestamp="2025-06-02T13:40:16.295937"><testcase classname="dependency-check" name="hamcrest-core-1.3.jar"/></testsuite><testsuite failures="0" errors="0" time="0" id="20" name="/Users/rahibkanjiyani/.m2/repository/org/hibernate/orm/hibernate-jpamodelgen/6.2.13.Final-redhat-00001/hibernate-jpamodelgen-6.2.13.Final-redhat-00001.jar" package="hibernate-jpamodelgen-6.2.13.Final-redhat-00001.jar" skipped="0" tests="1" timestamp="2025-06-02T13:40:16.295937"><testcase classname="dependency-check" name="hibernate-jpamodelgen-6.2.13.Final-redhat-00001.jar"/></testsuite><testsuite failures="0" errors="0" time="0" id="21" name="/Users/rahibkanjiyani/.m2/repository/org/hibernate/validator/hibernate-validator/8.0.0.Final-redhat-00001/hibernate-validator-8.0.0.Final-redhat-00001.jar" package="hibernate-validator-8.0.0.Final-redhat-00001.jar" skipped="0" tests="1" timestamp="2025-06-02T13:40:16.295937"><testcase classname="dependency-check" name="hibernate-validator-8.0.0.Final-redhat-00001.jar"/></testsuite><testsuite failures="0" errors="0" time="0" id="22" name="/Users/rahibkanjiyani/.m2/repository/com/sun/istack/istack-commons-runtime/4.1.1.redhat-00001/istack-commons-runtime-4.1.1.redhat-00001.jar" package="istack-commons-runtime-4.1.1.redhat-00001.jar" skipped="0" tests="1" timestamp="2025-06-02T13:40:16.295937"><testcase classname="dependency-check" name="istack-commons-runtime-4.1.1.redhat-00001.jar"/></testsuite><testsuite failures="0" errors="0" time="0" id="23" name="/Users/rahibkanjiyani/.m2/repository/jakarta/activation/jakarta.activation-api/2.1.2.redhat-00001/jakarta.activation-api-2.1.2.redhat-00001.jar" package="jakarta.activation-api-2.1.2.redhat-00001.jar" skipped="0" tests="1" timestamp="2025-06-02T13:40:16.295937"><testcase classname="dependency-check" name="jakarta.activation-api-2.1.2.redhat-00001.jar"/></testsuite><testsuite failures="0" errors="0" time="0" id="24" name="/Users/rahibkanjiyani/.m2/repository/jakarta/annotation/jakarta.annotation-api/2.1.1.redhat-00001/jakarta.annotation-api-2.1.1.redhat-00001.jar" package="jakarta.annotation-api-2.1.1.redhat-00001.jar" skipped="0" tests="1" timestamp="2025-06-02T13:40:16.295937"><testcase classname="dependency-check" name="jakarta.annotation-api-2.1.1.redhat-00001.jar"/></testsuite><testsuite failures="0" errors="0" time="0" id="25" name="/Users/rahibkanjiyani/.m2/repository/jakarta/ejb/jakarta.ejb-api/4.0.1.redhat-00001/jakarta.ejb-api-4.0.1.redhat-00001.jar" package="jakarta.ejb-api-4.0.1.redhat-00001.jar" skipped="0" tests="1" timestamp="2025-06-02T13:40:16.295937"><testcase classname="dependency-check" name="jakarta.ejb-api-4.0.1.redhat-00001.jar"/></testsuite><testsuite failures="0" errors="0" time="0" id="26" name="/Users/rahibkanjiyani/.m2/repository/jakarta/enterprise/jakarta.enterprise.cdi-api/4.0.1.redhat-00001/jakarta.enterprise.cdi-api-4.0.1.redhat-00001.jar" package="jakarta.enterprise.cdi-api-4.0.1.redhat-00001.jar" skipped="0" tests="1" timestamp="2025-06-02T13:40:16.295937"><testcase classname="dependency-check" name="jakarta.enterprise.cdi-api-4.0.1.redhat-00001.jar"/></testsuite><testsuite failures="0" errors="0" time="0" id="27" name="/Users/rahibkanjiyani/.m2/repository/jakarta/faces/jakarta.faces-api/4.0.1.redhat-00001/jakarta.faces-api-4.0.1.redhat-00001.jar" package="jakarta.faces-api-4.0.1.redhat-00001.jar" skipped="0" tests="1" timestamp="2025-06-02T13:40:16.295937"><testcase classname="dependency-check" name="jakarta.faces-api-4.0.1.redhat-00001.jar"/></testsuite><testsuite failures="0" errors="0" time="0" id="28" name="/Users/rahibkanjiyani/.m2/repository/jakarta/inject/jakarta.inject-api/2.0.1.redhat-00001/jakarta.inject-api-2.0.1.redhat-00001.jar" package="jakarta.inject-api-2.0.1.redhat-00001.jar" skipped="0" tests="1" timestamp="2025-06-02T13:40:16.295937"><testcase classname="dependency-check" name="jakarta.inject-api-2.0.1.redhat-00001.jar"/></testsuite><testsuite failures="0" errors="0" time="0" id="29" name="/Users/rahibkanjiyani/.m2/repository/jakarta/interceptor/jakarta.interceptor-api/2.1.0.redhat-00001/jakarta.interceptor-api-2.1.0.redhat-00001.jar" package="jakarta.interceptor-api-2.1.0.redhat-00001.jar" skipped="0" tests="1" timestamp="2025-06-02T13:40:16.295937"><testcase classname="dependency-check" name="jakarta.interceptor-api-2.1.0.redhat-00001.jar"/></testsuite><testsuite failures="0" errors="0" time="0" id="30" name="/Users/rahibkanjiyani/.m2/repository/jakarta/json/jakarta.json-api/2.1.2.redhat-00001/jakarta.json-api-2.1.2.redhat-00001.jar" package="jakarta.json-api-2.1.2.redhat-00001.jar" skipped="0" tests="1" timestamp="2025-06-02T13:40:16.295937"><testcase classname="dependency-check" name="jakarta.json-api-2.1.2.redhat-00001.jar"/></testsuite><testsuite failures="0" errors="0" time="0" id="31" name="/Users/rahibkanjiyani/.m2/repository/jakarta/persistence/jakarta.persistence-api/3.1.0.redhat-00001/jakarta.persistence-api-3.1.0.redhat-00001.jar" package="jakarta.persistence-api-3.1.0.redhat-00001.jar" skipped="0" tests="1" timestamp="2025-06-02T13:40:16.295937"><testcase classname="dependency-check" name="jakarta.persistence-api-3.1.0.redhat-00001.jar"/></testsuite><testsuite failures="0" errors="0" time="0" id="32" name="/Users/rahibkanjiyani/.m2/repository/jakarta/transaction/jakarta.transaction-api/2.0.1.redhat-00002/jakarta.transaction-api-2.0.1.redhat-00002.jar" package="jakarta.transaction-api-2.0.1.redhat-00002.jar" skipped="0" tests="1" timestamp="2025-06-02T13:40:16.295937"><testcase classname="dependency-check" name="jakarta.transaction-api-2.0.1.redhat-00002.jar"/></testsuite><testsuite failures="0" errors="0" time="0" id="33" name="/Users/rahibkanjiyani/.m2/repository/jakarta/validation/jakarta.validation-api/3.0.2.redhat-00001/jakarta.validation-api-3.0.2.redhat-00001.jar" package="jakarta.validation-api-3.0.2.redhat-00001.jar" skipped="0" tests="1" timestamp="2025-06-02T13:40:16.295937"><testcase classname="dependency-check" name="jakarta.validation-api-3.0.2.redhat-00001.jar"/></testsuite><testsuite failures="0" errors="0" time="0" id="34" name="/Users/rahibkanjiyani/.m2/repository/jakarta/ws/rs/jakarta.ws.rs-api/3.1.0.redhat-00001/jakarta.ws.rs-api-3.1.0.redhat-00001.jar" package="jakarta.ws.rs-api-3.1.0.redhat-00001.jar" skipped="0" tests="1" timestamp="2025-06-02T13:40:16.295937"><testcase classname="dependency-check" name="jakarta.ws.rs-api-3.1.0.redhat-00001.jar"/></testsuite><testsuite failures="0" errors="0" time="0" id="35" name="/Users/rahibkanjiyani/.m2/repository/jakarta/xml/bind/jakarta.xml.bind-api/4.0.0.redhat-00001/jakarta.xml.bind-api-4.0.0.redhat-00001.jar" package="jakarta.xml.bind-api-4.0.0.redhat-00001.jar" skipped="0" tests="1" timestamp="2025-06-02T13:40:16.295937"><testcase classname="dependency-check" name="jakarta.xml.bind-api-4.0.0.redhat-00001.jar"/></testsuite><testsuite failures="0" errors="0" time="0" id="36" name="/Users/rahibkanjiyani/.m2/repository/org/glassfish/jaxb/jaxb-core/4.0.1.redhat-00001/jaxb-core-4.0.1.redhat-00001.jar" package="jaxb-core-4.0.1.redhat-00001.jar" skipped="0" tests="1" timestamp="2025-06-02T13:40:16.295937"><testcase classname="dependency-check" name="jaxb-core-4.0.1.redhat-00001.jar"/></testsuite><testsuite failures="0" errors="0" time="0" id="37" name="/Users/rahibkanjiyani/.m2/repository/org/glassfish/jaxb/jaxb-runtime/4.0.1.redhat-00001/jaxb-runtime-4.0.1.redhat-00001.jar" package="jaxb-runtime-4.0.1.redhat-00001.jar" skipped="0" tests="1" timestamp="2025-06-02T13:40:16.295937"><testcase classname="dependency-check" name="jaxb-runtime-4.0.1.redhat-00001.jar"/></testsuite><testsuite failures="0" errors="0" time="0" id="38" name="/Users/rahibkanjiyani/.m2/repository/org/jboss/logging/jboss-logging/3.4.3.Final-redhat-00001/jboss-logging-3.4.3.Final-redhat-00001.jar" package="jboss-logging-3.4.3.Final-redhat-00001.jar" skipped="0" tests="1" timestamp="2025-06-02T13:40:16.295937"><testcase classname="dependency-check" name="jboss-logging-3.4.3.Final-redhat-00001.jar"/></testsuite><testsuite failures="0" errors="0" time="0" id="39" name="/Users/rahibkanjiyani/.m2/repository/junit/junit/4.13.1/junit-4.13.1.jar" package="junit-4.13.1.jar" skipped="0" tests="1" timestamp="2025-06-02T13:40:16.295937"><testcase classname="dependency-check" name="junit-4.13.1.jar"/></testsuite><testsuite failures="2" errors="0" time="0" id="40" name="/Users/rahibkanjiyani/.m2/repository/org/eclipse/parsson/parsson/1.1.2.redhat-00001/parsson-1.1.2.redhat-00001.jar" package="parsson-1.1.2.redhat-00001.jar" skipped="0" tests="2" timestamp="2025-06-02T13:40:16.295937"><testcase classname="CVE-2023-4043" name="pkg:maven/org.eclipse.parsson/parsson@1.1.2.redhat-00001"><failure message="cvssV3: HIGH, score: 7.5 (CVSS:3.1/AV:N/AC:L/PR:N/UI:N/S:U/C:N/I:N/A:H/E:3.9/RC:R/MAV:A)"/><system-out>In Eclipse Parsson before versions 1.1.4 and 1.0.5, Parsing JSON from untrusted sources can lead malicious actors to exploit the fact that the built-in support for parsing numbers with large scale in Java has a number of edge cases where the input text of a number can lead to much larger processing time than one would expect.


To mitigate the risk, parsson put in place a size limit for the numbers as well as their scale.


</system-out><system-err>location: /Users/rahibkanjiyani/.m2/repository/org/eclipse/parsson/parsson/1.1.2.redhat-00001/parsson-1.1.2.redhat-00001.jar, project-references: [ Quickstart: kitchensink:test ]</system-err></testcase><testcase classname="CVE-2023-7272" name="pkg:maven/org.eclipse.parsson/parsson@1.1.2.redhat-00001"><failure message="cvssV3: HIGH, score: 7.5 (CVSS:3.1/AV:N/AC:L/PR:N/UI:N/S:U/C:N/I:N/A:H/E:3.9/RC:R/MAV:A)"/><system-out>In Eclipse Parsson before 1.0.4 and 1.1.3, a document with a large depth of nested objects can allow an attacker to cause a Java stack overflow exception and denial of service. Eclipse Parsson allows processing (e.g. parse, generate, transform and query) JSON documents.</system-out><system-err>location: /Users/rahibkanjiyani/.m2/repository/org/eclipse/parsson/parsson/1.1.2.redhat-00001/parsson-1.1.2.redhat-00001.jar, project-references: [ Quickstart: kitchensink:test ]</system-err></testcase></testsuite><testsuite failures="0" errors="0" time="0" id="41" name="/Users/rahibkanjiyani/.m2/repository/org/jboss/shrinkwrap/shrinkwrap-api/1.2.6/shrinkwrap-api-1.2.6.jar" package="shrinkwrap-api-1.2.6.jar" skipped="0" tests="1" timestamp="2025-06-02T13:40:16.295937"><testcase classname="dependency-check" name="shrinkwrap-api-1.2.6.jar"/></testsuite><testsuite failures="0" errors="0" time="0" id="42" name="/Users/rahibkanjiyani/.m2/repository/org/jboss/shrinkwrap/descriptors/shrinkwrap-descriptors-api-base/2.0.0/shrinkwrap-descriptors-api-base-2.0.0.jar" package="shrinkwrap-descriptors-api-base-2.0.0.jar" skipped="0" tests="1" timestamp="2025-06-02T13:40:16.295937"><testcase classname="dependency-check" name="shrinkwrap-descriptors-api-base-2.0.0.jar"/></testsuite><testsuite failures="0" errors="0" time="0" id="43" name="/Users/rahibkanjiyani/.m2/repository/org/jboss/shrinkwrap/descriptors/shrinkwrap-descriptors-spi/2.0.0/shrinkwrap-descriptors-spi-2.0.0.jar" package="shrinkwrap-descriptors-spi-2.0.0.jar" skipped="0" tests="1" timestamp="2025-06-02T13:40:16.295937"><testcase classname="dependency-check" name="shrinkwrap-descriptors-spi-2.0.0.jar"/></testsuite><testsuite failures="0" errors="0" time="0" id="44" name="/Users/rahibkanjiyani/.m2/repository/org/jboss/shrinkwrap/shrinkwrap-impl-base/1.2.6/shrinkwrap-impl-base-1.2.6.jar" package="shrinkwrap-impl-base-1.2.6.jar" skipped="0" tests="1" timestamp="2025-06-02T13:40:16.295937"><testcase classname="dependency-check" name="shrinkwrap-impl-base-1.2.6.jar"/></testsuite><testsuite failures="0" errors="0" time="0" id="45" name="/Users/rahibkanjiyani/.m2/repository/org/jboss/shrinkwrap/shrinkwrap-spi/1.2.6/shrinkwrap-spi-1.2.6.jar" package="shrinkwrap-spi-1.2.6.jar" skipped="0" tests="1" timestamp="2025-06-02T13:40:16.295937"><testcase classname="dependency-check" name="shrinkwrap-spi-1.2.6.jar"/></testsuite><testsuite failures="0" errors="0" time="0" id="46" name="/Users/rahibkanjiyani/.m2/repository/org/glassfish/jaxb/txw2/4.0.1.redhat-00001/txw2-4.0.1.redhat-00001.jar" package="txw2-4.0.1.redhat-00001.jar" skipped="0" tests="1" timestamp="2025-06-02T13:40:16.295937"><testcase classname="dependency-check" name="txw2-4.0.1.redhat-00001.jar"/></testsuite></testsuites>